  texture.cpp
c:\users\rick\development\cgprogramminga3\trunk\programminga3\programminga3\texture.cpp(22): warning C4996: 'fopen': This function or variable may be unsafe. Consider using fopen_s instead. To disable deprecation, use _CRT_SECURE_NO_WARNINGS. See online help for details.
          c:\program files\microsoft visual studio 10.0\vc\include\stdio.h(234): Siehe Deklaration von 'fopen'
c:\users\rick\development\cgprogramminga3\trunk\programminga3\programminga3\texture.cpp(126): warning C4996: 'fopen': This function or variable may be unsafe. Consider using fopen_s instead. To disable deprecation, use _CRT_SECURE_NO_WARNINGS. See online help for details.
          c:\program files\microsoft visual studio 10.0\vc\include\stdio.h(234): Siehe Deklaration von 'fopen'
  shader.cpp
  objloader.cpp
c:\users\rick\development\cgprogramminga3\trunk\programminga3\programminga3\objloader.cpp(36): warning C4996: 'fopen': This function or variable may be unsafe. Consider using fopen_s instead. To disable deprecation, use _CRT_SECURE_NO_WARNINGS. See online help for details.
          c:\program files\microsoft visual studio 10.0\vc\include\stdio.h(234): Siehe Deklaration von 'fopen'
c:\users\rick\development\cgprogramminga3\trunk\programminga3\programminga3\objloader.cpp(47): warning C4996: 'fscanf': This function or variable may be unsafe. Consider using fscanf_s instead. To disable deprecation, use _CRT_SECURE_NO_WARNINGS. See online help for details.
          c:\program files\microsoft visual studio 10.0\vc\include\stdio.h(253): Siehe Deklaration von 'fscanf'
c:\users\rick\development\cgprogramminga3\trunk\programminga3\programminga3\objloader.cpp(55): warning C4996: 'fscanf': This function or variable may be unsafe. Consider using fscanf_s instead. To disable deprecation, use _CRT_SECURE_NO_WARNINGS. See online help for details.
          c:\program files\microsoft visual studio 10.0\vc\include\stdio.h(253): Siehe Deklaration von 'fscanf'
c:\users\rick\development\cgprogramminga3\trunk\programminga3\programminga3\objloader.cpp(59): warning C4996: 'fscanf': This function or variable may be unsafe. Consider using fscanf_s instead. To disable deprecation, use _CRT_SECURE_NO_WARNINGS. See online help for details.
          c:\program files\microsoft visual studio 10.0\vc\include\stdio.h(253): Siehe Deklaration von 'fscanf'
c:\users\rick\development\cgprogramminga3\trunk\programminga3\programminga3\objloader.cpp(64): warning C4996: 'fscanf': This function or variable may be unsafe. Consider using fscanf_s instead. To disable deprecation, use _CRT_SECURE_NO_WARNINGS. See online help for details.
          c:\program files\microsoft visual studio 10.0\vc\include\stdio.h(253): Siehe Deklaration von 'fscanf'
c:\users\rick\development\cgprogramminga3\trunk\programminga3\programminga3\objloader.cpp(69): warning C4996: 'fscanf': This function or variable may be unsafe. Consider using fscanf_s instead. To disable deprecation, use _CRT_SECURE_NO_WARNINGS. See online help for details.
          c:\program files\microsoft visual studio 10.0\vc\include\stdio.h(253): Siehe Deklaration von 'fscanf'
  Mobile.cpp
c:\users\rick\development\cgprogramminga3\trunk\programminga3\programminga3\mobile.cpp(305): warning C4244: '+=': Konvertierung von 'double' in 'float', möglicher Datenverlust
c:\users\rick\development\cgprogramminga3\trunk\programminga3\programminga3\mobile.cpp(306): warning C4244: '+=': Konvertierung von 'double' in 'float', möglicher Datenverlust
c:\users\rick\development\cgprogramminga3\trunk\programminga3\programminga3\mobile.cpp(307): warning C4244: '+=': Konvertierung von 'double' in 'float', möglicher Datenverlust
c:\users\rick\development\cgprogramminga3\trunk\programminga3\programminga3\mobile.cpp(412): warning C4305: '+=': Verkürzung von 'double' in 'float'
c:\users\rick\development\cgprogramminga3\trunk\programminga3\programminga3\mobile.cpp(417): warning C4305: '+=': Verkürzung von 'double' in 'float'
c:\users\rick\development\cgprogramminga3\trunk\programminga3\programminga3\mobile.cpp(421): warning C4305: '+=': Verkürzung von 'double' in 'float'
c:\users\rick\development\cgprogramminga3\trunk\programminga3\programminga3\mobile.cpp(425): warning C4305: '-=': Verkürzung von 'double' in 'float'
c:\users\rick\development\cgprogramminga3\trunk\programminga3\programminga3\mobile.cpp(429): warning C4305: '-=': Verkürzung von 'double' in 'float'
c:\users\rick\development\cgprogramminga3\trunk\programminga3\programminga3\mobile.cpp(433): warning C4305: '-=': Verkürzung von 'double' in 'float'
c:\users\rick\development\cgprogramminga3\trunk\programminga3\programminga3\mobile.cpp(443): warning C4305: '+=': Verkürzung von 'double' in 'float'
c:\users\rick\development\cgprogramminga3\trunk\programminga3\programminga3\mobile.cpp(446): warning C4305: '-=': Verkürzung von 'double' in 'float'
c:\users\rick\development\cgprogramminga3\trunk\programminga3\programminga3\mobile.cpp(479): warning C4305: 'Argument': Verkürzung von 'double' in 'GLclampf'
  Matrix.cpp
c:\users\rick\development\cgprogramminga3\trunk\programminga3\programminga3\matrix.cpp(49): warning C4244: '=': Konvertierung von 'double' in 'float', möglicher Datenverlust
c:\users\rick\development\cgprogramminga3\trunk\programminga3\programminga3\matrix.cpp(71): warning C4244: '=': Konvertierung von 'double' in 'float', möglicher Datenverlust
c:\users\rick\development\cgprogramminga3\trunk\programminga3\programminga3\matrix.cpp(93): warning C4244: '=': Konvertierung von 'double' in 'float', möglicher Datenverlust
c:\users\rick\development\cgprogramminga3\trunk\programminga3\programminga3\matrix.cpp(174): warning C4244: 'Initialisierung': Konvertierung von 'double' in 'float', möglicher Datenverlust
c:\users\rick\development\cgprogramminga3\trunk\programminga3\programminga3\matrix.cpp(176): warning C4244: 'Initialisierung': Konvertierung von 'double' in 'float', möglicher Datenverlust
  LoadTexture.cpp
c:\users\rick\development\cgprogramminga3\trunk\programminga3\programminga3\loadtexture.cpp(49): warning C4996: 'fopen': This function or variable may be unsafe. Consider using fopen_s instead. To disable deprecation, use _CRT_SECURE_NO_WARNINGS. See online help for details.
          c:\program files\microsoft visual studio 10.0\vc\include\stdio.h(234): Siehe Deklaration von 'fopen'
  LoadShader.cpp
  Code wird generiert...
  ProgrammingA3.vcxproj -> C:\Users\Rick\Development\CGProgrammingA3\trunk\ProgrammingA3\Debug\ProgrammingA3.exe
